Replace Part C1 Cap in C:\Users\alex\OneDrive\MIL\SubjuGator SVN\projects\SystemStatusBoard\SystemStatusBoard.SchDoc with Cap from SubjuGator8.IntLib
Replace Part C2 Cap in C:\Users\alex\OneDrive\MIL\SubjuGator SVN\projects\SystemStatusBoard\SystemStatusBoard.SchDoc with Cap from SubjuGator8.IntLib
Replace Part C3 Cap in C:\Users\alex\OneDrive\MIL\SubjuGator SVN\projects\SystemStatusBoard\SystemStatusBoard.SchDoc with Cap from SubjuGator8.IntLib
Replace Part C4 Cap in C:\Users\alex\OneDrive\MIL\SubjuGator SVN\projects\SystemStatusBoard\SystemStatusBoard.SchDoc with Cap from SubjuGator8.IntLib
Replace Part C5 Cap in C:\Users\alex\OneDrive\MIL\SubjuGator SVN\projects\SystemStatusBoard\SystemStatusBoard.SchDoc with Cap from SubjuGator8.IntLib
Replace Part C6 Cap in C:\Users\alex\OneDrive\MIL\SubjuGator SVN\projects\SystemStatusBoard\SystemStatusBoard.SchDoc with Cap from SubjuGator8.IntLib
Replace Part C7 Cap in C:\Users\alex\OneDrive\MIL\SubjuGator SVN\projects\SystemStatusBoard\SystemStatusBoard.SchDoc with Cap from SubjuGator8.IntLib
Replace Part C8 Cap in C:\Users\alex\OneDrive\MIL\SubjuGator SVN\projects\SystemStatusBoard\SystemStatusBoard.SchDoc with Cap from SubjuGator8.IntLib
Replace Part C9 Cap in C:\Users\alex\OneDrive\MIL\SubjuGator SVN\projects\SystemStatusBoard\SystemStatusBoard.SchDoc with Cap from SubjuGator8.IntLib
Replace Part LED1 LED in C:\Users\alex\OneDrive\MIL\SubjuGator SVN\projects\SystemStatusBoard\SystemStatusBoard.SchDoc with LED from SubjuGator8.IntLib
Replace Part N1 SSM3K329R,LF in C:\Users\alex\OneDrive\MIL\SubjuGator SVN\projects\SystemStatusBoard\SystemStatusBoard.SchDoc with SSM3K329R,LF from SubjuGator8.IntLib
Replace Part N2 SSM3K329R,LF in C:\Users\alex\OneDrive\MIL\SubjuGator SVN\projects\SystemStatusBoard\SystemStatusBoard.SchDoc with SSM3K329R,LF from SubjuGator8.IntLib
Replace Part N3 SSM3K329R,LF in C:\Users\alex\OneDrive\MIL\SubjuGator SVN\projects\SystemStatusBoard\SystemStatusBoard.SchDoc with SSM3K329R,LF from SubjuGator8.IntLib
Replace Part P1 Header 5 in C:\Users\alex\OneDrive\MIL\SubjuGator SVN\projects\SystemStatusBoard\SystemStatusBoard.SchDoc with Header 5 from Miscellaneous Connectors.IntLib
Replace Part P2 Header 2 in C:\Users\alex\OneDrive\MIL\SubjuGator SVN\projects\SystemStatusBoard\SystemStatusBoard.SchDoc with Header 2 from Miscellaneous Connectors.IntLib
Replace Part P3 MOLEX-HDR-1x2-SHERLOCK_RA in C:\Users\alex\OneDrive\MIL\SubjuGator SVN\projects\SystemStatusBoard\SystemStatusBoard.SchDoc with MOLEX-HDR-1x2-SHERLOCK_RA from SubjuGator8.IntLib
Replace Part P4 MOLEX-HDR-1x2-SHERLOCK_RA in C:\Users\alex\OneDrive\MIL\SubjuGator SVN\projects\SystemStatusBoard\SystemStatusBoard.SchDoc with MOLEX-HDR-1x2-SHERLOCK_RA from SubjuGator8.IntLib
Replace Part P5 MOLEX-HDR-1x2-SHERLOCK_RA in C:\Users\alex\OneDrive\MIL\SubjuGator SVN\projects\SystemStatusBoard\SystemStatusBoard.SchDoc with MOLEX-HDR-1x2-SHERLOCK_RA from SubjuGator8.IntLib
Replace Part P6 MOLEX-HDR-1x2-SHERLOCK_RA in C:\Users\alex\OneDrive\MIL\SubjuGator SVN\projects\SystemStatusBoard\SystemStatusBoard.SchDoc with MOLEX-HDR-1x2-SHERLOCK_RA from SubjuGator8.IntLib
Replace Part P7 MOLEX-HDR-1x2-SHERLOCK_RA in C:\Users\alex\OneDrive\MIL\SubjuGator SVN\projects\SystemStatusBoard\SystemStatusBoard.SchDoc with MOLEX-HDR-1x2-SHERLOCK_RA from SubjuGator8.IntLib
Replace Part R1 Res in C:\Users\alex\OneDrive\MIL\SubjuGator SVN\projects\SystemStatusBoard\SystemStatusBoard.SchDoc with Res from SubjuGator8.IntLib
Replace Part R2 Res in C:\Users\alex\OneDrive\MIL\SubjuGator SVN\projects\SystemStatusBoard\SystemStatusBoard.SchDoc with Res from SubjuGator8.IntLib
Replace Part R3 Res in C:\Users\alex\OneDrive\MIL\SubjuGator SVN\projects\SystemStatusBoard\SystemStatusBoard.SchDoc with Res from SubjuGator8.IntLib
Replace Part R4 Res in C:\Users\alex\OneDrive\MIL\SubjuGator SVN\projects\SystemStatusBoard\SystemStatusBoard.SchDoc with Res from SubjuGator8.IntLib
Replace Part R5 Res in C:\Users\alex\OneDrive\MIL\SubjuGator SVN\projects\SystemStatusBoard\SystemStatusBoard.SchDoc with Res from SubjuGator8.IntLib
Replace Part R6 Res in C:\Users\alex\OneDrive\MIL\SubjuGator SVN\projects\SystemStatusBoard\SystemStatusBoard.SchDoc with Res from SubjuGator8.IntLib
Replace Part R7 Res in C:\Users\alex\OneDrive\MIL\SubjuGator SVN\projects\SystemStatusBoard\SystemStatusBoard.SchDoc with Res from SubjuGator8.IntLib
Replace Part R8 Res in C:\Users\alex\OneDrive\MIL\SubjuGator SVN\projects\SystemStatusBoard\SystemStatusBoard.SchDoc with Res from SubjuGator8.IntLib
Replace Part R9 Res in C:\Users\alex\OneDrive\MIL\SubjuGator SVN\projects\SystemStatusBoard\SystemStatusBoard.SchDoc with Res from SubjuGator8.IntLib
Replace Part R10 Res in C:\Users\alex\OneDrive\MIL\SubjuGator SVN\projects\SystemStatusBoard\SystemStatusBoard.SchDoc with Res from SubjuGator8.IntLib
Replace Part R11 Res in C:\Users\alex\OneDrive\MIL\SubjuGator SVN\projects\SystemStatusBoard\SystemStatusBoard.SchDoc with Res from SubjuGator8.IntLib
Replace Part R12 Res in C:\Users\alex\OneDrive\MIL\SubjuGator SVN\projects\SystemStatusBoard\SystemStatusBoard.SchDoc with Res from SubjuGator8.IntLib
Replace Part S1 Button in C:\Users\alex\OneDrive\MIL\SubjuGator SVN\projects\SystemStatusBoard\SystemStatusBoard.SchDoc with Button from SubjuGator8.IntLib
Replace Part U2 SN65HVD230DR in C:\Users\alex\OneDrive\MIL\SubjuGator SVN\projects\SystemStatusBoard\SystemStatusBoard.SchDoc with SN65HVD230DR from SubjuGator8.IntLib
