Added Component: Designator=C10(CAPC0603)
Add component. Clean all parameters for all variants
Add component (AddParameter): Name = "Supplier 1"; Value = "Digi-Key"; VariantName = "[No Variations]"
Add component (AddParameter): Name = "Supplier Part Number 1"; Value = "1276-1000-1-ND"; VariantName = "[No Variations]"
Add component (AddParameter): Name = "Value"; Value = "470nF"; VariantName = "[No Variations]"
Added Component: Designator=C11(CAPC0603)
Add component. Clean all parameters for all variants
Add component (AddParameter): Name = "Supplier 1"; Value = "Digi-Key"; VariantName = "[No Variations]"
Add component (AddParameter): Name = "Supplier Part Number 1"; Value = "1276-1000-1-ND"; VariantName = "[No Variations]"
Add component (AddParameter): Name = "Value"; Value = "75pF"; VariantName = "[No Variations]"
Added Component: Designator=C12(EEHZA1H101P)
Add component. Clean all parameters for all variants
Add component (AddParameter): Name = "ComponentLink1Description"; Value = "Web Site"; VariantName = "[No Variations]"
Add component (AddParameter): Name = "ComponentLink1URL"; Value = "https://na.industrial.panasonic.com/products/capacitors/aluminum-electrolytic-capacitors/conductive-polymer-hybrid-aluminum-electrolytic/series/za-high-temp-reflow/ABA0135/model/EEHZA1H101P"; VariantName = "[No Variations]"
Add component (AddParameter): Name = "ComponentLink2Description"; Value = "Data Sheet"; VariantName = "[No Variations]"
Add component (AddParameter): Name = "ComponentLink2URL"; Value = "https://industrial.panasonic.com/cdbs/www-data/pdf/RDD0000/ABA0000C1221.pdf"; VariantName = "[No Variations]"
Add component (AddParameter): Name = "ComponentLink3Description"; Value = "ZA Series Technical Data"; VariantName = "[No Variations]"
Add component (AddParameter): Name = "ComponentLink3URL"; Value = "https://industrial.panasonic.com/cdbs/www-data/pdf/RDD0000/ABA0000COS44.pdf"; VariantName = "[No Variations]"
Add component (AddParameter): Name = "Manufacturer 1"; Value = "Panasonic"; VariantName = "[No Variations]"
Add component (AddParameter): Name = "Manufacturer Part Number 1"; Value = "EEHZA1H101P"; VariantName = "[No Variations]"
Add component (AddParameter): Name = "Supplier 1"; Value = "Digi-Key"; VariantName = "[No Variations]"
Add component (AddParameter): Name = "Supplier Part Number 1"; Value = "P15442CT-ND"; VariantName = "[No Variations]"
Add component (AddParameter): Name = "Tolerance"; Value = "20%"; VariantName = "[No Variations]"
Add component (AddParameter): Name = "Value"; Value = "100uF"; VariantName = "[No Variations]"
Add component (AddParameter): Name = "Voltage"; Value = "50V"; VariantName = "[No Variations]"
Added Component: Designator=C13(CAP1210)
Add component. Clean all parameters for all variants
Add component (AddParameter): Name = "Supplier 1"; Value = "Digi-Key"; VariantName = "[No Variations]"
Add component (AddParameter): Name = "Supplier Part Number 1"; Value = "1276-1000-1-ND"; VariantName = "[No Variations]"
Add component (AddParameter): Name = "Value"; Value = "10uF"; VariantName = "[No Variations]"
Added Component: Designator=C14(CAPC0603)
Add component. Clean all parameters for all variants
Add component (AddParameter): Name = "Supplier 1"; Value = "Digi-Key"; VariantName = "[No Variations]"
Add component (AddParameter): Name = "Supplier Part Number 1"; Value = "1276-1000-1-ND"; VariantName = "[No Variations]"
Add component (AddParameter): Name = "Value"; Value = "100nF"; VariantName = "[No Variations]"
Added Component: Designator=C15(CAPC0603)
Add component. Clean all parameters for all variants
Add component (AddParameter): Name = "Supplier 1"; Value = "Digi-Key"; VariantName = "[No Variations]"
Add component (AddParameter): Name = "Supplier Part Number 1"; Value = "1276-1000-1-ND"; VariantName = "[No Variations]"
Add component (AddParameter): Name = "Value"; Value = "10uF"; VariantName = "[No Variations]"
Added Component: Designator=C16(CAP1210)
Add component. Clean all parameters for all variants
Add component (AddParameter): Name = "Supplier 1"; Value = "Digi-Key"; VariantName = "[No Variations]"
Add component (AddParameter): Name = "Supplier Part Number 1"; Value = "1276-1000-1-ND"; VariantName = "[No Variations]"
Add component (AddParameter): Name = "Value"; Value = "47uF"; VariantName = "[No Variations]"
Added Component: Designator=C17(CAP1210)
Add component. Clean all parameters for all variants
Add component (AddParameter): Name = "Supplier 1"; Value = "Digi-Key"; VariantName = "[No Variations]"
Add component (AddParameter): Name = "Supplier Part Number 1"; Value = "1276-1000-1-ND"; VariantName = "[No Variations]"
Add component (AddParameter): Name = "Value"; Value = "47uF"; VariantName = "[No Variations]"
Added Component: Designator=L1(MSS1048-563MLB)
Add component. Clean all parameters for all variants
Add component (AddParameter): Name = "ComponentLink1Description"; Value = "Web Site"; VariantName = "[No Variations]"
Add component (AddParameter): Name = "ComponentLink1URL"; Value = "https://www.coilcraft.com/mss1048.cfm"; VariantName = "[No Variations]"
Add component (AddParameter): Name = "Manufacturer 1"; Value = "Coilcraft"; VariantName = "[No Variations]"
Add component (AddParameter): Name = "Manufacturer Part Number 1"; Value = "MSS1048-563MLB"; VariantName = "[No Variations]"
Add component (AddParameter): Name = "Supplier 1"; Value = "Coilcraft"; VariantName = "[No Variations]"
Add component (AddParameter): Name = "Supplier Part Number 1"; Value = "MSS1048-563MLB"; VariantName = "[No Variations]"
Add component (AddParameter): Name = "Value"; Value = "56uH"; VariantName = "[No Variations]"
Added Component: Designator=R13(RES0603)
Add component. Clean all parameters for all variants
Add component (AddParameter): Name = "Supplier 1"; Value = "Digi-Key"; VariantName = "[No Variations]"
Add component (AddParameter): Name = "Supplier Part Number 1"; Value = "RMCF0603JT10K0CT-ND"; VariantName = "[No Variations]"
Add component (AddParameter): Name = "Value"; Value = "40.2k"; VariantName = "[No Variations]"
Added Component: Designator=R14(RES0603)
Add component. Clean all parameters for all variants
Add component (AddParameter): Name = "Supplier 1"; Value = "Digi-Key"; VariantName = "[No Variations]"
Add component (AddParameter): Name = "Supplier Part Number 1"; Value = "RMCF0603JT10K0CT-ND"; VariantName = "[No Variations]"
Add component (AddParameter): Name = "Value"; Value = "10k"; VariantName = "[No Variations]"
Added Component: Designator=U3(LMR23610ADDAR)
Add component. Clean all parameters for all variants
Add component (AddParameter): Name = "ComponentLink1Description"; Value = "Datasheet"; VariantName = "[No Variations]"
Add component (AddParameter): Name = "ComponentLink1URL"; Value = "http://www.ti.com/lit/ds/symlink/lmr23610.pdf"; VariantName = "[No Variations]"
Add component (AddParameter): Name = "ComponentLink2Description"; Value = "Web Site"; VariantName = "[No Variations]"
Add component (AddParameter): Name = "ComponentLink2URL"; Value = "http://www.ti.com/product/LMR23610/description"; VariantName = "[No Variations]"
Add component (AddParameter): Name = "Manufacturer 1"; Value = "Texas Instruments"; VariantName = "[No Variations]"
Add component (AddParameter): Name = "Manufacturer Part Number 1"; Value = "LMR23610ADDAR"; VariantName = "[No Variations]"
Add component (AddParameter): Name = "Supplier 1"; Value = "Digi-Key"; VariantName = "[No Variations]"
Add component (AddParameter): Name = "Supplier Part Number 1"; Value = "296-47267-1-ND"; VariantName = "[No Variations]"
Added Pin To Net: NetName=NetC10_1 Pin=C10-1
Added Pin To Net: NetName=NetC10_2 Pin=C10-2
Added Pin To Net: NetName=Vout Pin=C11-1
Added Pin To Net: NetName=NetC11_2 Pin=C11-2
Added Pin To Net: NetName=Vin Pin=C12-1
Added Pin To Net: NetName=GND Pin=C12-2
Added Pin To Net: NetName=Vin Pin=C13-1
Added Pin To Net: NetName=GND Pin=C13-2
Added Pin To Net: NetName=Vin Pin=C14-1
Added Pin To Net: NetName=GND Pin=C14-2
Added Pin To Net: NetName=NetC15_1 Pin=C15-1
Added Pin To Net: NetName=GND Pin=C15-2
Added Pin To Net: NetName=Vout Pin=C16-1
Added Pin To Net: NetName=GND Pin=C16-2
Added Pin To Net: NetName=Vout Pin=C17-1
Added Pin To Net: NetName=GND Pin=C17-2
Added Pin To Net: NetName=NetC10_2 Pin=L1-1
Added Pin To Net: NetName=Vout Pin=L1-2
Added Pin To Net: NetName=Vout Pin=R13-1
Added Pin To Net: NetName=NetC11_2 Pin=R13-2
Added Pin To Net: NetName=NetC11_2 Pin=R14-1
Added Pin To Net: NetName=GND Pin=R14-2
Added Pin To Net: NetName=NetC10_2 Pin=U3-1
Added Pin To Net: NetName=NetC10_1 Pin=U3-2
Added Pin To Net: NetName=NetC15_1 Pin=U3-3
Added Pin To Net: NetName=NetC11_2 Pin=U3-4
Added Pin To Net: NetName=Vin Pin=U3-5
Added Pin To Net: NetName=GND Pin=U3-6
Added Pin To Net: NetName=Vin Pin=U3-7
Added Pin To Net: NetName=GND Pin=U3-8
Added Pin To Net: NetName=GND Pin=U3-9
Added Member To Class: ClassName=24Vto5Vat1A-R1 Member=Component C10 Cap
Added Member To Class: ClassName=24Vto5Vat1A-R1 Member=Component C11 Cap
Added Member To Class: ClassName=24Vto5Vat1A-R1 Member=Component C12 EEHZA1H101P
Added Member To Class: ClassName=24Vto5Vat1A-R1 Member=Component C13 Cap
Added Member To Class: ClassName=24Vto5Vat1A-R1 Member=Component C14 Cap
Added Member To Class: ClassName=24Vto5Vat1A-R1 Member=Component C15 Cap
Added Member To Class: ClassName=24Vto5Vat1A-R1 Member=Component C16 Cap
Added Member To Class: ClassName=24Vto5Vat1A-R1 Member=Component C17 Cap
Added Member To Class: ClassName=24Vto5Vat1A-R1 Member=Component L1 MSS1048-563MLB
Added Member To Class: ClassName=24Vto5Vat1A-R1 Member=Component R13 Res
Added Member To Class: ClassName=24Vto5Vat1A-R1 Member=Component R14 Res
Added Member To Class: ClassName=24Vto5Vat1A-R1 Member=Component U3 LMR23610ADDAR
Added Room: Name=24Vto5Vat1A-R1
