Added Pin To Net: NetName=NetC10_1 Pin=C10-1
Added Pin To Net: NetName=NetC10_2 Pin=C10-2
Added Pin To Net: NetName=Vout Pin=C11-1
Added Pin To Net: NetName=NetC11_2 Pin=C11-2
Added Pin To Net: NetName=Vin Pin=C12-1
Added Pin To Net: NetName=GND Pin=C12-2
Added Pin To Net: NetName=Vin Pin=C13-1
Added Pin To Net: NetName=GND Pin=C13-2
Added Pin To Net: NetName=Vin Pin=C14-1
Added Pin To Net: NetName=GND Pin=C14-2
Added Pin To Net: NetName=NetC15_1 Pin=C15-1
Added Pin To Net: NetName=GND Pin=C15-2
Added Pin To Net: NetName=Vout Pin=C16-1
Added Pin To Net: NetName=GND Pin=C16-2
Added Pin To Net: NetName=Vout Pin=C17-1
Added Pin To Net: NetName=GND Pin=C17-2
Added Pin To Net: NetName=NetC10_2 Pin=L1-1
Added Pin To Net: NetName=Vout Pin=L1-2
Added Pin To Net: NetName=Vout Pin=R13-1
Added Pin To Net: NetName=NetC11_2 Pin=R13-2
Added Pin To Net: NetName=NetC11_2 Pin=R14-1
Added Pin To Net: NetName=GND Pin=R14-2
Added Pin To Net: NetName=NetC10_2 Pin=U3-1
Added Pin To Net: NetName=NetC10_1 Pin=U3-2
Added Pin To Net: NetName=NetC15_1 Pin=U3-3
Added Pin To Net: NetName=NetC11_2 Pin=U3-4
Added Pin To Net: NetName=Vin Pin=U3-5
Added Pin To Net: NetName=GND Pin=U3-6
Added Pin To Net: NetName=Vin Pin=U3-7
Added Pin To Net: NetName=GND Pin=U3-8
Added Pin To Net: NetName=GND Pin=U3-9
Added Member To Class: ClassName=24Vto5Vat1A-R1 Member=Component C10 Cap
Added Member To Class: ClassName=24Vto5Vat1A-R1 Member=Component C11 Cap
Added Member To Class: ClassName=24Vto5Vat1A-R1 Member=Component C12 EEHZA1H101P
Added Member To Class: ClassName=24Vto5Vat1A-R1 Member=Component C13 Cap
Added Member To Class: ClassName=24Vto5Vat1A-R1 Member=Component C14 Cap
Added Member To Class: ClassName=24Vto5Vat1A-R1 Member=Component C15 Cap
Added Member To Class: ClassName=24Vto5Vat1A-R1 Member=Component C16 Cap
Added Member To Class: ClassName=24Vto5Vat1A-R1 Member=Component C17 Cap
Added Member To Class: ClassName=24Vto5Vat1A-R1 Member=Component L1 MSS1048-563MLB
Added Member To Class: ClassName=24Vto5Vat1A-R1 Member=Component R13 Res
Added Member To Class: ClassName=24Vto5Vat1A-R1 Member=Component R14 Res
Added Member To Class: ClassName=24Vto5Vat1A-R1 Member=Component U3 LMR23610ADDAR
Added Room: Name=24Vto5Vat1A-R1
Added Room: Name=SystemStatusBoard
