Removed Pin From Net: NetName=NetN1_3 Pin=P4-1
Removed Pin From Net: NetName=Vin Pin=P4-2
Removed Pin From Net: NetName=NetN2_3 Pin=P6-1
Removed Pin From Net: NetName=Vin Pin=P6-2
Removed Pin From Net: NetName=NetN3_3 Pin=P7-1
Removed Pin From Net: NetName=Vin Pin=P7-2
Removed Pin From Net: NetName=Vin Pin=P8-1
Removed Pin From Net: NetName=GND Pin=P8-2
Removed Pin From Net: NetName=Leak4 Pin=P9-1
Removed Pin From Net: NetName=GND Pin=P9-2
Removed Pin From Net: NetName=Leak0 Pin=P10-1
Removed Pin From Net: NetName=GND Pin=P10-2
Removed Pin From Net: NetName=Leak1 Pin=P11-1
Removed Pin From Net: NetName=GND Pin=P11-2
Removed Pin From Net: NetName=Leak5 Pin=P12-1
Removed Pin From Net: NetName=GND Pin=P12-2
Removed Pin From Net: NetName=Leak2 Pin=P13-1
Removed Pin From Net: NetName=GND Pin=P13-2
Removed Pin From Net: NetName=Leak6 Pin=P14-1
Removed Pin From Net: NetName=GND Pin=P14-2
Removed Pin From Net: NetName=Leak3 Pin=P15-1
Removed Pin From Net: NetName=GND Pin=P15-2
Removed Pin From Net: NetName=Leak7 Pin=P16-1
Removed Pin From Net: NetName=GND Pin=P16-2
Change Component Footprint: Designator=P2 Old Footprint=HDR1X2 New Footprint=HDR1X2H
Change Component Footprint: Designator=P3 Old Footprint=MOLEX-HDR-1X2-SHERLOCK-HORZ New Footprint=HDR1X2H
Change Component Footprint: Designator=P4 Old Footprint=MOLEX-HDR-1X2-SHERLOCK-HORZ New Footprint=HDR1X2H
Change Component Footprint: Designator=P5 Old Footprint=MOLEX-HDR-1X2-SHERLOCK-HORZ New Footprint=HDR1X2H
Change Component Footprint: Designator=P6 Old Footprint=MOLEX-HDR-1X2-SHERLOCK-HORZ New Footprint=HDR1X2H
Change Component Footprint: Designator=P7 Old Footprint=MOLEX-HDR-1X2-SHERLOCK-HORZ New Footprint=HDR1X2H
Change Component Footprint: Designator=P8 Old Footprint=MOLEX-HDR-1X2-SHERLOCK-HORZ New Footprint=HDR1X2H
Change Component Footprint: Designator=P9 Old Footprint=MOLEX-HDR-1X2-SHERLOCK-HORZ New Footprint=HDR1X2H
Change Component Footprint: Designator=P10 Old Footprint=MOLEX-HDR-1X2-SHERLOCK-HORZ New Footprint=HDR1X2H
Change Component Footprint: Designator=P11 Old Footprint=MOLEX-HDR-1X2-SHERLOCK-HORZ New Footprint=HDR1X2H
Change Component Footprint: Designator=P12 Old Footprint=MOLEX-HDR-1X2-SHERLOCK-HORZ New Footprint=HDR1X2H
Change Component Footprint: Designator=P13 Old Footprint=MOLEX-HDR-1X2-SHERLOCK-HORZ New Footprint=HDR1X2H
Change Component Footprint: Designator=P14 Old Footprint=MOLEX-HDR-1X2-SHERLOCK-HORZ New Footprint=HDR1X2H
Change Component Footprint: Designator=P15 Old Footprint=MOLEX-HDR-1X2-SHERLOCK-HORZ New Footprint=HDR1X2H
Change Component Footprint: Designator=P16 Old Footprint=MOLEX-HDR-1X2-SHERLOCK-HORZ New Footprint=HDR1X2H
Change Component Comment : Designator=P3 Old Comment=2-pin Horz Sherlock New Comment=Header 2H
Change Component Comment : Designator=P4 Old Comment=2-pin Horz Sherlock New Comment=Header 2H
Change Component Comment : Designator=P5 Old Comment=2-pin Horz Sherlock New Comment=Header 2H
Change Component Comment : Designator=P6 Old Comment=2-pin Horz Sherlock New Comment=Header 2H
Change Component Comment : Designator=P7 Old Comment=2-pin Horz Sherlock New Comment=Header 2H
Change Component Comment : Designator=P8 Old Comment=2-pin Horz Sherlock New Comment=Header 2H
Change Component Comment : Designator=P9 Old Comment=2-pin Horz Sherlock New Comment=Header 2H
Change Component Comment : Designator=P10 Old Comment=2-pin Horz Sherlock New Comment=Header 2H
Change Component Comment : Designator=P11 Old Comment=2-pin Horz Sherlock New Comment=Header 2H
Change Component Comment : Designator=P12 Old Comment=2-pin Horz Sherlock New Comment=Header 2H
Change Component Comment : Designator=P13 Old Comment=2-pin Horz Sherlock New Comment=Header 2H
Change Component Comment : Designator=P14 Old Comment=2-pin Horz Sherlock New Comment=Header 2H
Change Component Comment : Designator=P15 Old Comment=2-pin Horz Sherlock New Comment=Header 2H
Change Component Comment : Designator=P16 Old Comment=2-pin Horz Sherlock New Comment=Header 2H
Change Component Comment : Designator=P2 Old Comment=Header 2 New Comment=Header 2H
Change component parameters: Designator = "P3"; Footprint = "HDR1X2H"; UniqueID = "\DRBOWGET"
Change component parameters. Clean all parameters for all variants
Change component parameters (AddParameter): Name = "LatestRevisionDate"; Value = "17-Jul-2002"; VariantName = "[No Variations]"
Change component parameters (AddParameter): Name = "LatestRevisionNote"; Value = "Re-released for DXP Platform."; VariantName = "[No Variations]"
Change component parameters (AddParameter): Name = "Publisher"; Value = "Altium Limited"; VariantName = "[No Variations]"
Change component parameters: Designator = "P4"; Footprint = "HDR1X2H"; UniqueID = "\OLKPRXUB"
Change component parameters. Clean all parameters for all variants
Change component parameters (AddParameter): Name = "LatestRevisionDate"; Value = "17-Jul-2002"; VariantName = "[No Variations]"
Change component parameters (AddParameter): Name = "LatestRevisionNote"; Value = "Re-released for DXP Platform."; VariantName = "[No Variations]"
Change component parameters (AddParameter): Name = "Publisher"; Value = "Altium Limited"; VariantName = "[No Variations]"
Change component parameters: Designator = "P5"; Footprint = "HDR1X2H"; UniqueID = "\QHQJUCSL"
Change component parameters. Clean all parameters for all variants
Change component parameters (AddParameter): Name = "LatestRevisionDate"; Value = "17-Jul-2002"; VariantName = "[No Variations]"
Change component parameters (AddParameter): Name = "LatestRevisionNote"; Value = "Re-released for DXP Platform."; VariantName = "[No Variations]"
Change component parameters (AddParameter): Name = "Publisher"; Value = "Altium Limited"; VariantName = "[No Variations]"
Change component parameters: Designator = "P6"; Footprint = "HDR1X2H"; UniqueID = "\XWDIDAOT"
Change component parameters. Clean all parameters for all variants
Change component parameters (AddParameter): Name = "LatestRevisionDate"; Value = "17-Jul-2002"; VariantName = "[No Variations]"
Change component parameters (AddParameter): Name = "LatestRevisionNote"; Value = "Re-released for DXP Platform."; VariantName = "[No Variations]"
Change component parameters (AddParameter): Name = "Publisher"; Value = "Altium Limited"; VariantName = "[No Variations]"
Change component parameters: Designator = "P7"; Footprint = "HDR1X2H"; UniqueID = "\LYSKNNFT"
Change component parameters. Clean all parameters for all variants
Change component parameters (AddParameter): Name = "LatestRevisionDate"; Value = "17-Jul-2002"; VariantName = "[No Variations]"
Change component parameters (AddParameter): Name = "LatestRevisionNote"; Value = "Re-released for DXP Platform."; VariantName = "[No Variations]"
Change component parameters (AddParameter): Name = "Publisher"; Value = "Altium Limited"; VariantName = "[No Variations]"
Change component parameters: Designator = "P8"; Footprint = "HDR1X2H"; UniqueID = "\MIHUSUIY"
Change component parameters. Clean all parameters for all variants
Change component parameters (AddParameter): Name = "LatestRevisionDate"; Value = "17-Jul-2002"; VariantName = "[No Variations]"
Change component parameters (AddParameter): Name = "LatestRevisionNote"; Value = "Re-released for DXP Platform."; VariantName = "[No Variations]"
Change component parameters (AddParameter): Name = "Publisher"; Value = "Altium Limited"; VariantName = "[No Variations]"
Change component parameters: Designator = "P9"; Footprint = "HDR1X2H"; UniqueID = "\KWTQOCKR"
Change component parameters. Clean all parameters for all variants
Change component parameters (AddParameter): Name = "LatestRevisionDate"; Value = "17-Jul-2002"; VariantName = "[No Variations]"
Change component parameters (AddParameter): Name = "LatestRevisionNote"; Value = "Re-released for DXP Platform."; VariantName = "[No Variations]"
Change component parameters (AddParameter): Name = "Publisher"; Value = "Altium Limited"; VariantName = "[No Variations]"
Change component parameters: Designator = "P10"; Footprint = "HDR1X2H"; UniqueID = "\IEEOHVIL"
Change component parameters. Clean all parameters for all variants
Change component parameters (AddParameter): Name = "LatestRevisionDate"; Value = "17-Jul-2002"; VariantName = "[No Variations]"
Change component parameters (AddParameter): Name = "LatestRevisionNote"; Value = "Re-released for DXP Platform."; VariantName = "[No Variations]"
Change component parameters (AddParameter): Name = "Publisher"; Value = "Altium Limited"; VariantName = "[No Variations]"
Change component parameters: Designator = "P11"; Footprint = "HDR1X2H"; UniqueID = "\DNINYSKR"
Change component parameters. Clean all parameters for all variants
Change component parameters (AddParameter): Name = "LatestRevisionDate"; Value = "17-Jul-2002"; VariantName = "[No Variations]"
Change component parameters (AddParameter): Name = "LatestRevisionNote"; Value = "Re-released for DXP Platform."; VariantName = "[No Variations]"
Change component parameters (AddParameter): Name = "Publisher"; Value = "Altium Limited"; VariantName = "[No Variations]"
Change component parameters: Designator = "P12"; Footprint = "HDR1X2H"; UniqueID = "\FUVNXCGQ"
Change component parameters. Clean all parameters for all variants
Change component parameters (AddParameter): Name = "LatestRevisionDate"; Value = "17-Jul-2002"; VariantName = "[No Variations]"
Change component parameters (AddParameter): Name = "LatestRevisionNote"; Value = "Re-released for DXP Platform."; VariantName = "[No Variations]"
Change component parameters (AddParameter): Name = "Publisher"; Value = "Altium Limited"; VariantName = "[No Variations]"
Change component parameters: Designator = "P13"; Footprint = "HDR1X2H"; UniqueID = "\HOBNKBLK"
Change component parameters. Clean all parameters for all variants
Change component parameters (AddParameter): Name = "LatestRevisionDate"; Value = "17-Jul-2002"; VariantName = "[No Variations]"
Change component parameters (AddParameter): Name = "LatestRevisionNote"; Value = "Re-released for DXP Platform."; VariantName = "[No Variations]"
Change component parameters (AddParameter): Name = "Publisher"; Value = "Altium Limited"; VariantName = "[No Variations]"
Change component parameters: Designator = "P14"; Footprint = "HDR1X2H"; UniqueID = "\VBUHAMES"
Change component parameters. Clean all parameters for all variants
Change component parameters (AddParameter): Name = "LatestRevisionDate"; Value = "17-Jul-2002"; VariantName = "[No Variations]"
Change component parameters (AddParameter): Name = "LatestRevisionNote"; Value = "Re-released for DXP Platform."; VariantName = "[No Variations]"
Change component parameters (AddParameter): Name = "Publisher"; Value = "Altium Limited"; VariantName = "[No Variations]"
Change component parameters: Designator = "P15"; Footprint = "HDR1X2H"; UniqueID = "\GAMHTLHL"
Change component parameters. Clean all parameters for all variants
Change component parameters (AddParameter): Name = "LatestRevisionDate"; Value = "17-Jul-2002"; VariantName = "[No Variations]"
Change component parameters (AddParameter): Name = "LatestRevisionNote"; Value = "Re-released for DXP Platform."; VariantName = "[No Variations]"
Change component parameters (AddParameter): Name = "Publisher"; Value = "Altium Limited"; VariantName = "[No Variations]"
Change component parameters: Designator = "P16"; Footprint = "HDR1X2H"; UniqueID = "\AEOFXSJV"
Change component parameters. Clean all parameters for all variants
Change component parameters (AddParameter): Name = "LatestRevisionDate"; Value = "17-Jul-2002"; VariantName = "[No Variations]"
Change component parameters (AddParameter): Name = "LatestRevisionNote"; Value = "Re-released for DXP Platform."; VariantName = "[No Variations]"
Change component parameters (AddParameter): Name = "Publisher"; Value = "Altium Limited"; VariantName = "[No Variations]"
Added Pin To Net: NetName=GND Pin=P3-1
Added Pin To Net: NetName=Vin Pin=P3-2
Added Pin To Net: NetName=GND Pin=P4-1
Added Pin To Net: NetName=Leak4 Pin=P4-2
Added Pin To Net: NetName=GND Pin=P5-1
Added Pin To Net: NetName=Leak0 Pin=P5-2
Added Pin To Net: NetName=Vin Pin=P7-1
Added Pin To Net: NetName=NetN1_3 Pin=P7-2
Added Pin To Net: NetName=GND Pin=P9-1
Added Pin To Net: NetName=Leak1 Pin=P9-2
Added Pin To Net: NetName=GND Pin=P10-1
Added Pin To Net: NetName=Leak5 Pin=P10-2
Added Pin To Net: NetName=Vin Pin=P11-1
Added Pin To Net: NetName=NetN2_3 Pin=P11-2
Added Pin To Net: NetName=GND Pin=P12-1
Added Pin To Net: NetName=Leak2 Pin=P12-2
Added Pin To Net: NetName=GND Pin=P13-1
Added Pin To Net: NetName=Leak6 Pin=P13-2
Added Pin To Net: NetName=Vin Pin=P14-1
Added Pin To Net: NetName=NetN3_3 Pin=P14-2
Added Pin To Net: NetName=GND Pin=P15-1
Added Pin To Net: NetName=Leak3 Pin=P15-2
Added Pin To Net: NetName=GND Pin=P16-1
Added Pin To Net: NetName=Leak7 Pin=P16-2
Added Pin To Net: NetName=NetP6_1 Pin=P6-1
Added Pin To Net: NetName=NetP6_1 Pin=P8-1
Added Pin To Net: NetName=NetP6_1 Pin=R8-2
Added Pin To Net: NetName=NetP6_1 Pin=U2-6
Added Net: Name=NetP6_1
Added Pin To Net: NetName=NetP6_2 Pin=P6-2
Added Pin To Net: NetName=NetP6_2 Pin=P8-2
Added Pin To Net: NetName=NetP6_2 Pin=R8-1
Added Pin To Net: NetName=NetP6_2 Pin=U2-7
Added Net: Name=NetP6_2
